Flutter crash report; please file at https://github.com/flutter/flutter/issues.

## command

flutter packages get

## exception

YamlException: Error on line 33, column 1: Expected ':'.
   ╷
33 │ dev_dependencies:
   │ ^
   ╵

```
#0      Scanner._staleSimpleKeys (package:yaml/src/scanner.dart:491:9)
#1      Scanner._fetchMoreTokens (package:yaml/src/scanner.dart:325:9)
#2      Scanner.peek (package:yaml/src/scanner.dart:317:27)
#3      Scanner.advance (package:yaml/src/scanner.dart:311:12)
#4      Parser._parseBlockMappingValue (package:yaml/src/parser.dart:464:22)
#5      Parser._stateMachine (package:yaml/src/parser.dart:88:16)
#6      Parser.parse (package:yaml/src/parser.dart:47:19)
#7      Loader._loadMapping (package:yaml/src/loader.dart:163:37)
#8      Loader._loadNode (package:yaml/src/loader.dart:86:16)
#9      Loader._loadMapping (package:yaml/src/loader.dart:163:19)
#10     Loader._loadNode (package:yaml/src/loader.dart:86:16)
#11     Loader._loadDocument (package:yaml/src/loader.dart:62:20)
#12     Loader.load (package:yaml/src/loader.dart:54:20)
#13     loadYamlDocument (package:yaml/yaml.dart:51:25)
#14     loadYamlNode (package:yaml/yaml.dart:42:5)
#15     loadYaml (package:yaml/yaml.dart:34:5)
#16     FlutterManifest.createFromString (package:flutter_tools/src/flutter_manifest.dart:38:28)
#17     FlutterManifest.createFromPath (package:flutter_tools/src/flutter_manifest.dart:32:12)
#18     FlutterProject._readManifest (package:flutter_tools/src/project.dart:180:54)
#19     FlutterProjectFactory.fromDirectory (package:flutter_tools/src/project.dart:35:53)
#20     FlutterProject.fromDirectory (package:flutter_tools/src/project.dart:65:78)
#21     FlutterProject.fromPath (package:flutter_tools/src/project.dart:73:50)
#22     PackagesGetCommand.usageValues (package:flutter_tools/src/commands/packages.dart:80:55)
<asynchronous suspension>
#23     FlutterCommand._sendUsage (package:flutter_tools/src/runner/flutter_command.dart:410:58)
<asynchronous suspension>
#24     FlutterCommand.run.<anonymous closure> (package:flutter_tools/src/runner/flutter_command.dart:392:17)
<asynchronous suspension>
#25     AppContext.run.<anonymous closure> (package:flutter_tools/src/base/context.dart:154:29)
<asynchronous suspension>
#26     _rootRun (dart:async/zone.dart:1124:13)
#27     _CustomZone.run (dart:async/zone.dart:1021:19)
#28     _runZoned (dart:async/zone.dart:1516:10)
#29     runZoned (dart:async/zone.dart:1463:12)
#30     AppContext.run (package:flutter_tools/src/base/context.dart:153:18)
<asynchronous suspension>
#31     FlutterCommand.run (package:flutter_tools/src/runner/flutter_command.dart:375:20)
#32     CommandRunner.runCommand (package:args/command_runner.dart:197:27)
<asynchronous suspension>
#33     FlutterCommandRunner.runCommand.<anonymous closure> (package:flutter_tools/src/runner/flutter_command_runner.dart:396:21)
<asynchronous suspension>
#34     AppContext.run.<anonymous closure> (package:flutter_tools/src/base/context.dart:154:29)
<asynchronous suspension>
#35     _rootRun (dart:async/zone.dart:1124:13)
#36     _CustomZone.run (dart:async/zone.dart:1021:19)
#37     _runZoned (dart:async/zone.dart:1516:10)
#38     runZoned (dart:async/zone.dart:1463:12)
#39     AppContext.run (package:flutter_tools/src/base/context.dart:153:18)
<asynchronous suspension>
#40     FlutterCommandRunner.runCommand (package:flutter_tools/src/runner/flutter_command_runner.dart:356:19)
<asynchronous suspension>
#41     CommandRunner.run.<anonymous closure> (package:args/command_runner.dart:112:25)
#42     new Future.sync (dart:async/future.dart:224:31)
#43     CommandRunner.run (package:args/command_runner.dart:112:14)
#44     FlutterCommandRunner.run (package:flutter_tools/src/runner/flutter_command_runner.dart:242:18)
#45     run.<anonymous closure>.<anonymous closure> (package:flutter_tools/runner.dart:62:22)
<asynchronous suspension>
#46     _rootRun (dart:async/zone.dart:1124:13)
#47     _CustomZone.run (dart:async/zone.dart:1021:19)
#48     _runZoned (dart:async/zone.dart:1516:10)
#49     runZoned (dart:async/zone.dart:1500:12)
#50     run.<anonymous closure> (package:flutter_tools/runner.dart:60:18)
<asynchronous suspension>
#51     AppContext.run.<anonymous closure> (package:flutter_tools/src/base/context.dart:154:29)
<asynchronous suspension>
#52     _rootRun (dart:async/zone.dart:1124:13)
#53     _CustomZone.run (dart:async/zone.dart:1021:19)
#54     _runZoned (dart:async/zone.dart:1516:10)
#55     runZoned (dart:async/zone.dart:1463:12)
#56     AppContext.run (package:flutter_tools/src/base/context.dart:153:18)
<asynchronous suspension>
#57     runInContext (package:flutter_tools/src/context_runner.dart:56:24)
<asynchronous suspension>
#58     run (package:flutter_tools/runner.dart:51:10)
#59     main (package:flutter_tools/executable.dart:62:9)
<asynchronous suspension>
#60     main (file:///home/aritra/Downloads/flutter/packages/flutter_tools/bin/flutter_tools.dart:8:3)
#61     _startIsolate.<anonymous closure> (dart:isolate-patch/isolate_patch.dart:303:32)
#62     _RawReceivePortImpl._handleMessage (dart:isolate-patch/isolate_patch.dart:172:12)
```

## flutter doctor

```
[✓] Flutter (Channel master, v1.8.1-pre.72, on Linux, locale en_IN)
    • Flutter version 1.8.1-pre.72 at /home/aritra/Downloads/flutter
    • Framework revision e8fbdd85f0 (2 days ago), 2019-07-11 07:56:30 -0700
    • Engine revision 49445ce494
    • Dart version 2.5.0 (build 2.5.0-dev.1.0 09fc76bc51)

[✓] Android toolchain - develop for Android devices (Android SDK version 29.0.1)
    • Android SDK at /home/aritra/Android/Sdk
    • Android NDK location not configured (optional; useful for native profiling support)
    • Platform android-29, build-tools 29.0.1
    • Java binary at: /home/aritra/Downloads/android-studio/jre/bin/java
    • Java version OpenJDK Runtime Environment (build 1.8.0_152-release-1343-b16-5323222)
    • All Android licenses accepted.

[✓] Chrome - develop for the web
    • Chrome at google-chrome

[✓] Linux toolchain - develop for Linux desktop
    • clang++ 6.0.0
    • GNU Make 4.1

[✓] Android Studio (version 3.4)
    • Android Studio at /home/aritra/Downloads/android-studio
    • Flutter plugin version 37.0.1
    • Dart plugin version 183.6270
    • Java version OpenJDK Runtime Environment (build 1.8.0_152-release-1343-b16-5323222)

[!] IntelliJ IDEA Community Edition (version 2019.1)
    • IntelliJ at /home/aritra/Downloads/idea-IC-191.7479.19
    ✗ Flutter plugin not installed; this adds Flutter specific functionality.
    ✗ Dart plugin not installed; this adds Dart specific functionality.
    • For information about installing plugins, see
      https://flutter.dev/intellij-setup/#installing-the-plugins

[✓] VS Code (version 1.36.1)
    • VS Code at /usr/share/code
    • Flutter extension version 3.2.0

[✓] Connected device (3 available)
    • Redmi Y2 • 66c301f8 • android-arm    • Android 8.1.0 (API 27)
    • Linux    • Linux    • linux-x64      • Linux
    • Chrome   • chrome   • web-javascript • Google Chrome 75.0.3770.100 


! Doctor found issues in 1 category.
```
